<?xml version="1.0" encoding="UTF-8"?>
<testng-results ignored="0" total="1" passed="0" failed="1" skipped="0">
  <reporter-output>
  </reporter-output>
  <suite started-at="2023-02-27T00:56:26 IST" name="Default suite" finished-at="2023-02-27T00:56:52 IST" duration-ms="25474">
    <groups>
    </groups>
    <test started-at="2023-02-27T00:56:26 IST" name="Default test" finished-at="2023-02-27T00:56:52 IST" duration-ms="25474">
      <class name="AppLaunch">
        <test-method is-config="true" signature="beforeParellel()[pri:0, instance:AppLaunch@5ba3f27a]" started-at="2023-02-27T00:56:26 IST" name="beforeParellel" finished-at="2023-02-27T00:56:26 IST" duration-ms="7" status="PASS">
          <reporter-output>
          </reporter-output>
        </test-method> <!-- beforeParellel -->
        <test-method is-config="true" signature="loginApp()[pri:0, instance:AppLaunch@5ba3f27a]" started-at="2023-02-27T00:56:26 IST" name="loginApp" finished-at="2023-02-27T00:56:37 IST" duration-ms="10874" status="PASS">
          <reporter-output>
          </reporter-output>
        </test-method> <!-- loginApp -->
        <test-method is-config="true" signature="dbConn()[pri:0, instance:AppLaunch@5ba3f27a]" started-at="2023-02-27T00:56:37 IST" name="dbConn" finished-at="2023-02-27T00:56:37 IST" duration-ms="0" status="PASS">
          <reporter-output>
          </reporter-output>
        </test-method> <!-- dbConn -->
        <test-method is-config="true" signature="serverLaunch()[pri:0, instance:AppLaunch@5ba3f27a]" started-at="2023-02-27T00:56:37 IST" name="serverLaunch" finished-at="2023-02-27T00:56:44 IST" duration-ms="7269" status="PASS">
          <reporter-output>
          </reporter-output>
        </test-method> <!-- serverLaunch -->
        <test-method signature="appLaunchAndWork()[pri:0, instance:AppLaunch@5ba3f27a]" started-at="2023-02-27T00:56:44 IST" name="appLaunchAndWork" finished-at="2023-02-27T00:56:52 IST" duration-ms="7099" status="FAIL">
          <exception class="org.openqa.selenium.NoSuchElementException">
            <message>
              <![CDATA[An element could not be located on the page using the given search parameters.
For documentation on this error, please visit: https://www.seleniumhq.org/exceptions/no_such_element.html
Build info: version: '3.141.59', revision: 'e82be7d358', time: '2018-11-14T08:17:03'
System info: host: 'DESKTOP-IHIJH93', ip: '192.168.1.185', os.name: 'Windows 10', os.arch: 'amd64', os.version: '10.0', java.version: '16.0.1'
Driver info: io.appium.java_client.android.AndroidDriver
Capabilities {appActivity: .ApiDemos, appPackage: io.appium.android.apis, automationName: Appium, databaseEnabled: false, desired: {appActivity: .ApiDemos, appPackage: io.appium.android.apis, automationName: Appium, deviceName: vivo1804, platformName: android, platformVersion: 10, udid: 429a673d}, deviceApiLevel: 29, deviceManufacturer: vivo, deviceModel: vivo 1804, deviceName: 429a673d, deviceScreenDensity: 480, deviceScreenSize: 1080x2340, deviceUDID: 429a673d, javascriptEnabled: true, locationContextEnabled: false, networkConnectionEnabled: true, pixelRatio: 3, platform: LINUX, platformName: Android, platformVersion: 10, statBarHeight: 84, takesScreenshot: true, udid: 429a673d, viewportRect: {height: 2057, left: 0, top: 84, width: 1080}, warnings: {}, webStorageEnabled: false}
Session ID: f92d71ae-de3f-481a-bf80-0c68fc2c100a
*** Element info: {Using=id, value=Views}]]>
            </message>
            <full-stacktrace>
              <![CDATA[org.openqa.selenium.NoSuchElementException: An element could not be located on the page using the given search parameters.
For documentation on this error, please visit: https://www.seleniumhq.org/exceptions/no_such_element.html
Build info: version: '3.141.59', revision: 'e82be7d358', time: '2018-11-14T08:17:03'
System info: host: 'DESKTOP-IHIJH93', ip: '192.168.1.185', os.name: 'Windows 10', os.arch: 'amd64', os.version: '10.0', java.version: '16.0.1'
Driver info: io.appium.java_client.android.AndroidDriver
Capabilities {appActivity: .ApiDemos, appPackage: io.appium.android.apis, automationName: Appium, databaseEnabled: false, desired: {appActivity: .ApiDemos, appPackage: io.appium.android.apis, automationName: Appium, deviceName: vivo1804, platformName: android, platformVersion: 10, udid: 429a673d}, deviceApiLevel: 29, deviceManufacturer: vivo, deviceModel: vivo 1804, deviceName: 429a673d, deviceScreenDensity: 480, deviceScreenSize: 1080x2340, deviceUDID: 429a673d, javascriptEnabled: true, locationContextEnabled: false, networkConnectionEnabled: true, pixelRatio: 3, platform: LINUX, platformName: Android, platformVersion: 10, statBarHeight: 84, takesScreenshot: true, udid: 429a673d, viewportRect: {height: 2057, left: 0, top: 84, width: 1080}, warnings: {}, webStorageEnabled: false}
Session ID: f92d71ae-de3f-481a-bf80-0c68fc2c100a
*** Element info: {Using=id, value=Views}
at java.base/jdk.internal.reflect.NativeConstructorAccessorImpl.newInstance0(Native Method)
at java.base/jdk.internal.reflect.NativeConstructorAccessorImpl.newInstance(NativeConstructorAccessorImpl.java:78)
at java.base/jdk.internal.reflect.DelegatingConstructorAccessorImpl.newInstance(DelegatingConstructorAccessorImpl.java:45)
at java.base/java.lang.reflect.Constructor.newInstanceWithCaller(Constructor.java:499)
at java.base/java.lang.reflect.Constructor.newInstance(Constructor.java:480)
at org.openqa.selenium.remote.http.W3CHttpResponseCodec.createException(W3CHttpResponseCodec.java:187)
at org.openqa.selenium.remote.http.W3CHttpResponseCodec.decode(W3CHttpResponseCodec.java:122)
at org.openqa.selenium.remote.http.W3CHttpResponseCodec.decode(W3CHttpResponseCodec.java:49)
at org.openqa.selenium.remote.HttpCommandExecutor.execute(HttpCommandExecutor.java:158)
at io.appium.java_client.remote.AppiumCommandExecutor.execute(AppiumCommandExecutor.java:247)
at org.openqa.selenium.remote.RemoteWebDriver.execute(RemoteWebDriver.java:552)
at io.appium.java_client.DefaultGenericMobileDriver.execute(DefaultGenericMobileDriver.java:41)
at io.appium.java_client.AppiumDriver.execute(AppiumDriver.java:1)
at io.appium.java_client.android.AndroidDriver.execute(AndroidDriver.java:1)
at org.openqa.selenium.remote.RemoteWebDriver.findElement(RemoteWebDriver.java:323)
at io.appium.java_client.DefaultGenericMobileDriver.findElement(DefaultGenericMobileDriver.java:61)
at io.appium.java_client.AppiumDriver.findElement(AppiumDriver.java:1)
at io.appium.java_client.android.AndroidDriver.findElement(AndroidDriver.java:1)
at org.openqa.selenium.remote.RemoteWebDriver.findElementById(RemoteWebDriver.java:372)
at io.appium.java_client.DefaultGenericMobileDriver.findElementById(DefaultGenericMobileDriver.java:69)
at io.appium.java_client.AppiumDriver.findElementById(AppiumDriver.java:1)
at io.appium.java_client.android.AndroidDriver.findElementById(AndroidDriver.java:1)
at org.openqa.selenium.By$ById.findElement(By.java:188)
at org.openqa.selenium.remote.RemoteWebDriver.findElement(RemoteWebDriver.java:315)
at io.appium.java_client.DefaultGenericMobileDriver.findElement(DefaultGenericMobileDriver.java:57)
at io.appium.java_client.AppiumDriver.findElement(AppiumDriver.java:1)
at io.appium.java_client.android.AndroidDriver.findElement(AndroidDriver.java:1)
at keyword.engine.KeywordEngine.startExecution(KeywordEngine.java:58)
at AppLaunch.appLaunchAndWork(AppLaunch.java:15)
at java.base/jdk.internal.reflect.NativeMethodAccessorImpl.invoke0(Native Method)
at java.base/jdk.internal.reflect.NativeMethodAccessorImpl.invoke(NativeMethodAccessorImpl.java:78)
at java.base/jdk.internal.reflect.DelegatingMethodAccessorImpl.invoke(DelegatingMethodAccessorImpl.java:43)
at java.base/java.lang.reflect.Method.invoke(Method.java:567)
at org.testng.internal.MethodInvocationHelper.invokeMethod(MethodInvocationHelper.java:133)
at org.testng.internal.TestInvoker.invokeMethod(TestInvoker.java:598)
at org.testng.internal.TestInvoker.invokeTestMethod(TestInvoker.java:173)
at org.testng.internal.MethodRunner.runInSequence(MethodRunner.java:46)
at org.testng.internal.TestInvoker$MethodInvocationAgent.invoke(TestInvoker.java:824)
at org.testng.internal.TestInvoker.invokeTestMethods(TestInvoker.java:146)
at org.testng.internal.TestMethodWorker.invokeTestMethods(TestMethodWorker.java:146)
at org.testng.internal.TestMethodWorker.run(TestMethodWorker.java:128)
at java.base/java.util.ArrayList.forEach(ArrayList.java:1511)
at org.testng.TestRunner.privateRun(TestRunner.java:794)
at org.testng.TestRunner.run(TestRunner.java:596)
at org.testng.SuiteRunner.runTest(SuiteRunner.java:377)
at org.testng.SuiteRunner.runSequentially(SuiteRunner.java:371)
at org.testng.SuiteRunner.privateRun(SuiteRunner.java:332)
at org.testng.SuiteRunner.run(SuiteRunner.java:276)
at org.testng.SuiteRunnerWorker.runSuite(SuiteRunnerWorker.java:53)
at org.testng.SuiteRunnerWorker.run(SuiteRunnerWorker.java:96)
at org.testng.TestNG.runSuitesSequentially(TestNG.java:1212)
at org.testng.TestNG.runSuitesLocally(TestNG.java:1134)
at org.testng.TestNG.runSuites(TestNG.java:1063)
at org.testng.TestNG.run(TestNG.java:1031)
at org.testng.remote.AbstractRemoteTestNG.run(AbstractRemoteTestNG.java:115)
at org.testng.remote.RemoteTestNG.initAndRun(RemoteTestNG.java:251)
at org.testng.remote.RemoteTestNG.main(RemoteTestNG.java:77)
]]>
            </full-stacktrace>
          </exception> <!-- org.openqa.selenium.NoSuchElementException -->
          <reporter-output>
          </reporter-output>
        </test-method> <!-- appLaunchAndWork -->
        <test-method is-config="true" signature="killServer()[pri:0, instance:AppLaunch@5ba3f27a]" started-at="2023-02-27T00:56:52 IST" name="killServer" finished-at="2023-02-27T00:56:52 IST" duration-ms="0" status="PASS">
          <reporter-output>
          </reporter-output>
        </test-method> <!-- killServer -->
        <test-method is-config="true" signature="killDBConn()[pri:0, instance:AppLaunch@5ba3f27a]" started-at="2023-02-27T00:56:52 IST" name="killDBConn" finished-at="2023-02-27T00:56:52 IST" duration-ms="1" status="PASS">
          <reporter-output>
          </reporter-output>
        </test-method> <!-- killDBConn -->
        <test-method is-config="true" signature="afterParellel()[pri:0, instance:AppLaunch@5ba3f27a]" started-at="2023-02-27T00:56:52 IST" name="afterParellel" finished-at="2023-02-27T00:56:52 IST" duration-ms="0" status="PASS">
          <reporter-output>
          </reporter-output>
        </test-method> <!-- afterParellel -->
        <test-method is-config="true" signature="logoutApp()[pri:0, instance:AppLaunch@5ba3f27a]" started-at="2023-02-27T00:56:52 IST" name="logoutApp" finished-at="2023-02-27T00:56:52 IST" duration-ms="183" status="PASS">
          <reporter-output>
          </reporter-output>
        </test-method> <!-- logoutApp -->
      </class> <!-- AppLaunch -->
    </test> <!-- Default test -->
  </suite> <!-- Default suite -->
</testng-results>
