<?xml version="1.0" encoding="UTF-8"?>
<testng-results ignored="0" total="1" passed="1" failed="0" skipped="0">
  <reporter-output>
  </reporter-output>
  <suite started-at="2023-09-23T11:28:26Z" name="Default suite" finished-at="2023-09-23T11:28:33Z" duration-ms="6848">
    <groups>
    </groups>
    <test started-at="2023-09-23T11:28:26Z" name="Default test" finished-at="2023-09-23T11:28:33Z" duration-ms="6848">
      <class name="SubSectioSSAndHighlight">
        <test-method is-config="true" signature="setup()[pri:0, instance:SubSectioSSAndHighlight@21ba0741]" started-at="2023-09-23T11:28:26Z" name="setup" finished-at="2023-09-23T11:28:31Z" duration-ms="5470" status="PASS">
          <reporter-output>
          </reporter-output>
        </test-method> <!-- setup -->
        <test-method signature="takeSSAndHighlight()[pri:0, instance:SubSectioSSAndHighlight@21ba0741]" started-at="2023-09-23T11:28:31Z" name="takeSSAndHighlight" finished-at="2023-09-23T11:28:32Z" duration-ms="914" status="PASS">
          <reporter-output>
          </reporter-output>
        </test-method> <!-- takeSSAndHighlight -->
        <test-method is-config="true" signature="tear()[pri:0, instance:SubSectioSSAndHighlight@21ba0741]" started-at="2023-09-23T11:28:32Z" name="tear" finished-at="2023-09-23T11:28:33Z" duration-ms="431" status="PASS">
          <reporter-output>
          </reporter-output>
        </test-method> <!-- tear -->
      </class> <!-- SubSectioSSAndHighlight -->
    </test> <!-- Default test -->
  </suite> <!-- Default suite -->
</testng-results>
